2015/07/07 13:04:50 [error] [exception.CHttpException.404] exception 'CHttpException' with message 'Unable to resolve the request "css/form.css".' in /Users/mikhkita/sites/koleso/framework/web/CWebApplication.php:286
Stack trace:
#0 /Users/mikhkita/sites/koleso/framework/web/CWebApplication.php(141): CWebApplication->runController('css/form.css')
#1 /Users/mikhkita/sites/koleso/framework/base/CApplication.php(180): CWebApplication->processRequest()
#2 /Users/mikhkita/sites/koleso/index.php(11): CApplication->run()
#3 {main}
REQUEST_URI=/css/form.css
HTTP_REFERER=http://dev.koleso.com/admin/
---
2015/07/07 13:04:50 [error] [exception.CHttpException.404] exception 'CHttpException' with message 'Unable to resolve the request "css/screen.css".' in /Users/mikhkita/sites/koleso/framework/web/CWebApplication.php:286
Stack trace:
#0 /Users/mikhkita/sites/koleso/framework/web/CWebApplication.php(141): CWebApplication->runController('css/screen.css')
#1 /Users/mikhkita/sites/koleso/framework/base/CApplication.php(180): CWebApplication->processRequest()
#2 /Users/mikhkita/sites/koleso/index.php(11): CApplication->run()
#3 {main}
REQUEST_URI=/css/screen.css
HTTP_REFERER=http://dev.koleso.com/admin/
---
2015/07/07 13:04:50 [error] [exception.CHttpException.404] exception 'CHttpException' with message 'Unable to resolve the request "css/print.css".' in /Users/mikhkita/sites/koleso/framework/web/CWebApplication.php:286
Stack trace:
#0 /Users/mikhkita/sites/koleso/framework/web/CWebApplication.php(141): CWebApplication->runController('css/print.css')
#1 /Users/mikhkita/sites/koleso/framework/base/CApplication.php(180): CWebApplication->processRequest()
#2 /Users/mikhkita/sites/koleso/index.php(11): CApplication->run()
#3 {main}
REQUEST_URI=/css/print.css
HTTP_REFERER=http://dev.koleso.com/admin/
---
2015/07/07 13:04:52 [error] [php] Trying to get property of non-object (/Users/mikhkita/sites/koleso/protected/components/Controller.php:73)
Stack trace:
#0 /Users/mikhkita/sites/koleso/framework/web/CController.php(308): CInlineAction->runWithParams()
#1 /Users/mikhkita/sites/koleso/framework/web/CController.php(286): SiteController->runAction()
#2 /Users/mikhkita/sites/koleso/framework/web/CController.php(265): SiteController->runActionWithFilters()
#3 /Users/mikhkita/sites/koleso/framework/web/CWebApplication.php(282): SiteController->run()
#4 /Users/mikhkita/sites/koleso/framework/web/CWebApplication.php(141): CWebApplication->runController()
#5 /Users/mikhkita/sites/koleso/framework/base/CApplication.php(180): CWebApplication->processRequest()
#6 /Users/mikhkita/sites/koleso/index.php(11): CWebApplication->run()
REQUEST_URI=/site/install
2015/07/07 13:04:52 [error] [exception.CHttpException.404] exception 'CHttpException' with message 'Unable to resolve the request "css/screen.css".' in /Users/mikhkita/sites/koleso/framework/web/CWebApplication.php:286
Stack trace:
#0 /Users/mikhkita/sites/koleso/framework/web/CWebApplication.php(141): CWebApplication->runController('css/screen.css')
#1 /Users/mikhkita/sites/koleso/framework/base/CApplication.php(180): CWebApplication->processRequest()
#2 /Users/mikhkita/sites/koleso/index.php(11): CApplication->run()
#3 {main}
REQUEST_URI=/css/screen.css
HTTP_REFERER=http://dev.koleso.com/site/install
---
2015/07/07 13:04:52 [error] [exception.CHttpException.404] exception 'CHttpException' with message 'Unable to resolve the request "css/form.css".' in /Users/mikhkita/sites/koleso/framework/web/CWebApplication.php:286
Stack trace:
#0 /Users/mikhkita/sites/koleso/framework/web/CWebApplication.php(141): CWebApplication->runController('css/form.css')
#1 /Users/mikhkita/sites/koleso/framework/base/CApplication.php(180): CWebApplication->processRequest()
#2 /Users/mikhkita/sites/koleso/index.php(11): CApplication->run()
#3 {main}
REQUEST_URI=/css/form.css
HTTP_REFERER=http://dev.koleso.com/site/install
---
2015/07/07 13:04:52 [error] [exception.CHttpException.404] exception 'CHttpException' with message 'Unable to resolve the request "css/print.css".' in /Users/mikhkita/sites/koleso/framework/web/CWebApplication.php:286
Stack trace:
#0 /Users/mikhkita/sites/koleso/framework/web/CWebApplication.php(141): CWebApplication->runController('css/print.css')
#1 /Users/mikhkita/sites/koleso/framework/base/CApplication.php(180): CWebApplication->processRequest()
#2 /Users/mikhkita/sites/koleso/index.php(11): CApplication->run()
#3 {main}
REQUEST_URI=/css/print.css
HTTP_REFERER=http://dev.koleso.com/site/install
---
2015/07/07 13:04:53 [error] [exception.CHttpException.404] exception 'CHttpException' with message 'Unable to resolve the request "css/images/ui-bg_gloss-wave_35_f6a828_500x100.png".' in /Users/mikhkita/sites/koleso/framework/web/CWebApplication.php:286
Stack trace:
#0 /Users/mikhkita/sites/koleso/framework/web/CWebApplication.php(141): CWebApplication->runController('css/images/ui-b...')
#1 /Users/mikhkita/sites/koleso/framework/base/CApplication.php(180): CWebApplication->processRequest()
#2 /Users/mikhkita/sites/koleso/index.php(11): CApplication->run()
#3 {main}
REQUEST_URI=/css/images/ui-bg_gloss-wave_35_f6a828_500x100.png
HTTP_REFERER=http://dev.koleso.com/css/jquery-ui.min.css
---
2015/07/07 13:06:00 [error] [exception.CHttpException.404] exception 'CHttpException' with message 'Unable to resolve the request "css/images/ui-bg_gloss-wave_35_f6a828_500x100.png".' in /Users/mikhkita/sites/koleso/framework/web/CWebApplication.php:286
Stack trace:
#0 /Users/mikhkita/sites/koleso/framework/web/CWebApplication.php(141): CWebApplication->runController('css/images/ui-b...')
#1 /Users/mikhkita/sites/koleso/framework/base/CApplication.php(180): CWebApplication->processRequest()
#2 /Users/mikhkita/sites/koleso/index.php(11): CApplication->run()
#3 {main}
REQUEST_URI=/css/images/ui-bg_gloss-wave_35_f6a828_500x100.png
HTTP_REFERER=http://dev.koleso.com/css/jquery-ui.min.css
---
2015/07/07 13:06:12 [error] [exception.CHttpException.404] exception 'CHttpException' with message 'Unable to resolve the request "css/form.css".' in /Users/mikhkita/sites/koleso/framework/web/CWebApplication.php:286
Stack trace:
#0 /Users/mikhkita/sites/koleso/framework/web/CWebApplication.php(141): CWebApplication->runController('css/form.css')
#1 /Users/mikhkita/sites/koleso/framework/base/CApplication.php(180): CWebApplication->processRequest()
#2 /Users/mikhkita/sites/koleso/index.php(11): CApplication->run()
#3 {main}
REQUEST_URI=/css/form.css
HTTP_REFERER=http://dev.koleso.com/admin
---
2015/07/07 13:06:12 [error] [exception.CHttpException.404] exception 'CHttpException' with message 'Unable to resolve the request "css/screen.css".' in /Users/mikhkita/sites/koleso/framework/web/CWebApplication.php:286
Stack trace:
#0 /Users/mikhkita/sites/koleso/framework/web/CWebApplication.php(141): CWebApplication->runController('css/screen.css')
#1 /Users/mikhkita/sites/koleso/framework/base/CApplication.php(180): CWebApplication->processRequest()
#2 /Users/mikhkita/sites/koleso/index.php(11): CApplication->run()
#3 {main}
REQUEST_URI=/css/screen.css
HTTP_REFERER=http://dev.koleso.com/admin
---
2015/07/07 13:06:12 [error] [exception.CHttpException.404] exception 'CHttpException' with message 'Unable to resolve the request "css/print.css".' in /Users/mikhkita/sites/koleso/framework/web/CWebApplication.php:286
Stack trace:
#0 /Users/mikhkita/sites/koleso/framework/web/CWebApplication.php(141): CWebApplication->runController('css/print.css')
#1 /Users/mikhkita/sites/koleso/framework/base/CApplication.php(180): CWebApplication->processRequest()
#2 /Users/mikhkita/sites/koleso/index.php(11): CApplication->run()
#3 {main}
REQUEST_URI=/css/print.css
HTTP_REFERER=http://dev.koleso.com/admin
---
2015/07/07 13:06:16 [error] [exception.CHttpException.404] exception 'CHttpException' with message 'Unable to resolve the request "css/form.css".' in /Users/mikhkita/sites/koleso/framework/web/CWebApplication.php:286
Stack trace:
#0 /Users/mikhkita/sites/koleso/framework/web/CWebApplication.php(141): CWebApplication->runController('css/form.css')
#1 /Users/mikhkita/sites/koleso/framework/base/CApplication.php(180): CWebApplication->processRequest()
#2 /Users/mikhkita/sites/koleso/index.php(11): CApplication->run()
#3 {main}
REQUEST_URI=/css/form.css
HTTP_REFERER=http://dev.koleso.com/admin
---
2015/07/07 13:06:16 [error] [exception.CHttpException.404] exception 'CHttpException' with message 'Unable to resolve the request "css/print.css".' in /Users/mikhkita/sites/koleso/framework/web/CWebApplication.php:286
Stack trace:
#0 /Users/mikhkita/sites/koleso/framework/web/CWebApplication.php(141): CWebApplication->runController('css/print.css')
#1 /Users/mikhkita/sites/koleso/framework/base/CApplication.php(180): CWebApplication->processRequest()
#2 /Users/mikhkita/sites/koleso/index.php(11): CApplication->run()
#3 {main}
REQUEST_URI=/css/print.css
HTTP_REFERER=http://dev.koleso.com/admin
---
2015/07/07 13:06:16 [error] [exception.CHttpException.404] exception 'CHttpException' with message 'Unable to resolve the request "css/screen.css".' in /Users/mikhkita/sites/koleso/framework/web/CWebApplication.php:286
Stack trace:
#0 /Users/mikhkita/sites/koleso/framework/web/CWebApplication.php(141): CWebApplication->runController('css/screen.css')
#1 /Users/mikhkita/sites/koleso/framework/base/CApplication.php(180): CWebApplication->processRequest()
#2 /Users/mikhkita/sites/koleso/index.php(11): CApplication->run()
#3 {main}
REQUEST_URI=/css/screen.css
HTTP_REFERER=http://dev.koleso.com/admin
---
2015/07/07 13:08:38 [error] [exception.CHttpException.404] exception 'CHttpException' with message 'Unable to resolve the request "css/print.css".' in /Users/mikhkita/sites/koleso/framework/web/CWebApplication.php:286
Stack trace:
#0 /Users/mikhkita/sites/koleso/framework/web/CWebApplication.php(141): CWebApplication->runController('css/print.css')
#1 /Users/mikhkita/sites/koleso/framework/base/CApplication.php(180): CWebApplication->processRequest()
#2 /Users/mikhkita/sites/koleso/index.php(11): CApplication->run()
#3 {main}
REQUEST_URI=/css/print.css
HTTP_REFERER=http://dev.koleso.com/admin/
---
2015/07/07 13:08:38 [error] [exception.CHttpException.404] exception 'CHttpException' with message 'Unable to resolve the request "css/form.css".' in /Users/mikhkita/sites/koleso/framework/web/CWebApplication.php:286
Stack trace:
#0 /Users/mikhkita/sites/koleso/framework/web/CWebApplication.php(141): CWebApplication->runController('css/form.css')
#1 /Users/mikhkita/sites/koleso/framework/base/CApplication.php(180): CWebApplication->processRequest()
#2 /Users/mikhkita/sites/koleso/index.php(11): CApplication->run()
#3 {main}
REQUEST_URI=/css/form.css
HTTP_REFERER=http://dev.koleso.com/admin/
---
2015/07/07 13:08:38 [error] [exception.CHttpException.404] exception 'CHttpException' with message 'Unable to resolve the request "css/screen.css".' in /Users/mikhkita/sites/koleso/framework/web/CWebApplication.php:286
Stack trace:
#0 /Users/mikhkita/sites/koleso/framework/web/CWebApplication.php(141): CWebApplication->runController('css/screen.css')
#1 /Users/mikhkita/sites/koleso/framework/base/CApplication.php(180): CWebApplication->processRequest()
#2 /Users/mikhkita/sites/koleso/index.php(11): CApplication->run()
#3 {main}
REQUEST_URI=/css/screen.css
HTTP_REFERER=http://dev.koleso.com/admin/
---
2015/07/07 13:08:43 [error] [exception.CHttpException.404] exception 'CHttpException' with message 'Unable to resolve the request "css/form.css".' in /Users/mikhkita/sites/koleso/framework/web/CWebApplication.php:286
Stack trace:
#0 /Users/mikhkita/sites/koleso/framework/web/CWebApplication.php(141): CWebApplication->runController('css/form.css')
#1 /Users/mikhkita/sites/koleso/framework/base/CApplication.php(180): CWebApplication->processRequest()
#2 /Users/mikhkita/sites/koleso/index.php(11): CApplication->run()
#3 {main}
REQUEST_URI=/css/form.css
HTTP_REFERER=http://dev.koleso.com/admin/
---
2015/07/07 13:08:43 [error] [exception.CHttpException.404] exception 'CHttpException' with message 'Unable to resolve the request "css/screen.css".' in /Users/mikhkita/sites/koleso/framework/web/CWebApplication.php:286
Stack trace:
#0 /Users/mikhkita/sites/koleso/framework/web/CWebApplication.php(141): CWebApplication->runController('css/screen.css')
#1 /Users/mikhkita/sites/koleso/framework/base/CApplication.php(180): CWebApplication->processRequest()
#2 /Users/mikhkita/sites/koleso/index.php(11): CApplication->run()
#3 {main}
REQUEST_URI=/css/screen.css
HTTP_REFERER=http://dev.koleso.com/admin/
---
2015/07/07 13:08:43 [error] [exception.CHttpException.404] exception 'CHttpException' with message 'Unable to resolve the request "css/print.css".' in /Users/mikhkita/sites/koleso/framework/web/CWebApplication.php:286
Stack trace:
#0 /Users/mikhkita/sites/koleso/framework/web/CWebApplication.php(141): CWebApplication->runController('css/print.css')
#1 /Users/mikhkita/sites/koleso/framework/base/CApplication.php(180): CWebApplication->processRequest()
#2 /Users/mikhkita/sites/koleso/index.php(11): CApplication->run()
#3 {main}
REQUEST_URI=/css/print.css
HTTP_REFERER=http://dev.koleso.com/admin/
---
2015/07/07 13:09:03 [error] [exception.CHttpException.404] exception 'CHttpException' with message 'The system is unable to find the requested action "adminIndex".' in /Users/mikhkita/sites/koleso/framework/web/CController.php:483
Stack trace:
#0 /Users/mikhkita/sites/koleso/framework/web/CController.php(270): CController->missingAction('adminIndex')
#1 /Users/mikhkita/sites/koleso/framework/web/CWebApplication.php(282): CController->run('adminIndex')
#2 /Users/mikhkita/sites/koleso/framework/web/CWebApplication.php(141): CWebApplication->runController('shop/adminIndex')
#3 /Users/mikhkita/sites/koleso/framework/base/CApplication.php(180): CWebApplication->processRequest()
#4 /Users/mikhkita/sites/koleso/index.php(11): CApplication->run()
#5 {main}
REQUEST_URI=/admin/shop
---
2015/07/07 13:09:03 [error] [exception.CHttpException.404] exception 'CHttpException' with message 'Unable to resolve the request "css/screen.css".' in /Users/mikhkita/sites/koleso/framework/web/CWebApplication.php:286
Stack trace:
#0 /Users/mikhkita/sites/koleso/framework/web/CWebApplication.php(141): CWebApplication->runController('css/screen.css')
#1 /Users/mikhkita/sites/koleso/framework/base/CApplication.php(180): CWebApplication->processRequest()
#2 /Users/mikhkita/sites/koleso/index.php(11): CApplication->run()
#3 {main}
REQUEST_URI=/css/screen.css
HTTP_REFERER=http://dev.koleso.com/admin/shop
---
2015/07/07 13:09:03 [error] [exception.CHttpException.404] exception 'CHttpException' with message 'Unable to resolve the request "css/form.css".' in /Users/mikhkita/sites/koleso/framework/web/CWebApplication.php:286
Stack trace:
#0 /Users/mikhkita/sites/koleso/framework/web/CWebApplication.php(141): CWebApplication->runController('css/form.css')
#1 /Users/mikhkita/sites/koleso/framework/base/CApplication.php(180): CWebApplication->processRequest()
#2 /Users/mikhkita/sites/koleso/index.php(11): CApplication->run()
#3 {main}
REQUEST_URI=/css/form.css
HTTP_REFERER=http://dev.koleso.com/admin/shop
---
2015/07/07 13:09:03 [error] [exception.CHttpException.404] exception 'CHttpException' with message 'Unable to resolve the request "css/print.css".' in /Users/mikhkita/sites/koleso/framework/web/CWebApplication.php:286
Stack trace:
#0 /Users/mikhkita/sites/koleso/framework/web/CWebApplication.php(141): CWebApplication->runController('css/print.css')
#1 /Users/mikhkita/sites/koleso/framework/base/CApplication.php(180): CWebApplication->processRequest()
#2 /Users/mikhkita/sites/koleso/index.php(11): CApplication->run()
#3 {main}
REQUEST_URI=/css/print.css
HTTP_REFERER=http://dev.koleso.com/admin/shop
---
